2021-12-31 14:01:39 -  - exec CUpdateClientPartner::__CollectRequestData
2021-12-31 14:01:39 -  - exec CUpdateClientPartner::GetHTTPPage
2021-12-31 14:01:40 -  - exec CUpdateClientPartner::ParseServerData
2021-12-31 14:01:40 -  - exec CUpdateClientPartner::GetUpdatesList
2021-12-31 14:01:40 -  - exec CUpdateClientPartner::__CollectRequestData
2021-12-31 14:01:40 -  - utf=Y&lang=ru&stable=Y&CANGZIP=Y&SUPD_DBS=MYSQL&XE=N&CLIENT_SITE=beetrix&LICENSE_KEY=X&SUPD_STS=1&SUPD_URS=0&SUPD_URSA=1&TYPENC=D&CLIENT_PHPVER=7.4.21&NGINX=Y&dbv=8.0.24&instm=main%2C21.400.100%2CY%3Babtest%2C21.0.0%2CN%3Badvertising%2C21.100.0%2CN%3Bb24connector%2C21.0.0%2CN%3Bbitrix.eshop%2C21.0.100%2CN%3Bbitrix.sitecommunity%2C15.5.0%2CN%3Bbitrix.sitecorporate%2C15.5.0%2CN%3Bbitrix.siteinfoportal%2C15.5.0%2CN%3Bbitrix.sitepersonal%2C15.5.0%2CN%3Bbitrixcloud%2C21.0.0%2CN%3Bbizproc%2C21.200.200%2CN%3Bbizprocdesigner%2C21.100.0%2CN%3Bblog%2C21.200.0%2CN%3Bcalendar%2C21.200.0%2CN%3Bcatalog%2C21.200.0%2CN%3Bclouds%2C21.100.0%2CN%3Bconversion%2C21.0.0%2CN%3Bcurrency%2C21.100.0%2CN%3Bfileman%2C21.200.0%2CN%3Bform%2C21.0.0%2CN%3Bforum%2C21.100.0%2CN%3Bhighloadblock%2C21.100.0%2CN%3Biblock%2C21.400.100%2CN%3Bidea%2C21.0.0%2CN%3Bim%2C21.300.100%2CN%3Blanding%2C21.300.300%2CN%3Blearning%2C21.0.0%2CN%3Blists%2C21.100.0%2CN%3Bmail%2C21.100.100%2CN%3Bmessageservice%2C21.100.0%2CN%3Bmobileapp%2C21.0.50%2CN%3Bperfmon%2C21.0.0%2CN%3Bphotogallery%2C21.0.0%2CN%3Bpull%2C21.200.0%2CN%3Breport%2C21.100.0%2CN%3Brest%2C21.200.0%2CN%3Bsale%2C21.400.0%2CN%3Bscale%2C21.0.0%2CN%3Bsearch%2C21.0.100%2CN%3Bsecurity%2C21.0.0%2CN%3Bsender%2C21.100.100%2CN%3Bseo%2C21.300.0%2CN%3Bsocialnetwork%2C21.350.0%2CN%3Bsocialservices%2C21.100.0%2CN%3Bstatistic%2C21.0.0%2CN%3Bstoreassist%2C21.0.0%2CN%3Bsubscribe%2C21.0.0%2CN%3Bsupport%2C21.0.0%2CN%3Btranslate%2C21.100.0%2CN%3Bui%2C21.300.0%2CN%3Bvote%2C21.0.0%2CN%3Bwebservice%2C21.0.0%2CN%3Bwiki%2C21.100.0%2CN%3Bworkflow%2C21.0.0%2CN&reqm=bitrix.eshop%2Cbitrix.sitecommunity%2Cbitrix.sitecorporate%2Cbitrix.siteinfoportal%2Cbitrix.sitepersonal&fullmoduleinfo=Y&SUPD_SRS=RU&SUPD_CMP=N
2021-12-31 14:01:40 -  - exec CUpdateClientPartner::GetHTTPPage
2021-12-31 14:01:40 -  - TIME GetUpdatesList(request) 0.3 sec
2021-12-31 14:01:40 -  - exec CUpdateClientPartner::ParseServerData
2021-12-31 14:01:40 -  - exec CUpdateClientPartner::__CollectRequestData
2021-12-31 14:01:40 -  - exec CUpdateClientPartner::GetHTTPPage
2021-12-31 14:01:40 -  - exec CUpdateClientPartner::ParseServerData
2022-01-02 19:24:35 -  - exec CUpdateClientPartner::__CollectRequestData
2022-01-02 19:24:35 -  - exec CUpdateClientPartner::GetHTTPPage
2022-01-02 19:24:36 -  - exec CUpdateClientPartner::ParseServerData
2022-01-02 19:24:36 -  - exec CUpdateClientPartner::GetUpdatesList
2022-01-02 19:24:36 -  - exec CUpdateClientPartner::__CollectRequestData
2022-01-02 19:24:36 -  - utf=Y&lang=ru&stable=Y&CANGZIP=Y&SUPD_DBS=MYSQL&XE=N&CLIENT_SITE=beetrix.ru&LICENSE_KEY=X&SUPD_STS=1&SUPD_URS=0&SUPD_URSA=1&TYPENC=D&CLIENT_PHPVER=7.4.21&NGINX=Y&dbv=8.0.24&instm=main%2C21.400.100%2CY%3Babtest%2C21.0.0%2CN%3Badvertising%2C21.100.0%2CN%3Bb24connector%2C21.0.0%2CN%3Bbitrix.eshop%2C21.0.100%2CN%3Bbitrix.sitecommunity%2C15.5.0%2CN%3Bbitrix.sitecorporate%2C15.5.0%2CN%3Bbitrix.siteinfoportal%2C15.5.0%2CN%3Bbitrix.sitepersonal%2C15.5.0%2CN%3Bbitrixcloud%2C21.0.0%2CN%3Bbizproc%2C21.200.200%2CN%3Bbizprocdesigner%2C21.100.0%2CN%3Bblog%2C21.200.0%2CN%3Bcalendar%2C21.200.0%2CN%3Bcatalog%2C21.200.0%2CN%3Bclouds%2C21.100.0%2CN%3Bconversion%2C21.0.0%2CN%3Bcurrency%2C21.100.0%2CN%3Bfileman%2C21.200.0%2CN%3Bform%2C21.0.0%2CN%3Bforum%2C21.100.0%2CN%3Bhighloadblock%2C21.100.0%2CN%3Biblock%2C21.400.100%2CN%3Bidea%2C21.0.0%2CN%3Bim%2C21.300.100%2CN%3Blanding%2C21.300.300%2CN%3Blearning%2C21.0.0%2CN%3Blists%2C21.100.0%2CN%3Bmail%2C21.100.100%2CN%3Bmessageservice%2C21.100.0%2CN%3Bmobileapp%2C21.0.50%2CN%3Bperfmon%2C21.0.0%2CN%3Bphotogallery%2C21.0.0%2CN%3Bpull%2C21.200.0%2CN%3Breport%2C21.100.0%2CN%3Brest%2C21.200.0%2CN%3Bsale%2C21.400.0%2CN%3Bscale%2C21.0.0%2CN%3Bsearch%2C21.0.100%2CN%3Bsecurity%2C21.0.0%2CN%3Bsender%2C21.100.100%2CN%3Bseo%2C21.300.0%2CN%3Bsocialnetwork%2C21.350.0%2CN%3Bsocialservices%2C21.100.0%2CN%3Bstatistic%2C21.0.0%2CN%3Bstoreassist%2C21.0.0%2CN%3Bsubscribe%2C21.0.0%2CN%3Bsupport%2C21.0.0%2CN%3Btranslate%2C21.100.0%2CN%3Bui%2C21.300.0%2CN%3Bvote%2C21.0.0%2CN%3Bwebservice%2C21.0.0%2CN%3Bwiki%2C21.100.0%2CN%3Bworkflow%2C21.0.0%2CN&reqm=bitrix.eshop%2Cbitrix.sitecommunity%2Cbitrix.sitecorporate%2Cbitrix.siteinfoportal%2Cbitrix.sitepersonal&fullmoduleinfo=Y&SUPD_SRS=RU&SUPD_CMP=N
2022-01-02 19:24:36 -  - exec CUpdateClientPartner::GetHTTPPage
2022-01-02 19:24:36 -  - TIME GetUpdatesList(request) 0.295 sec
2022-01-02 19:24:36 -  - exec CUpdateClientPartner::ParseServerData
2022-01-02 19:24:36 -  - exec CUpdateClientPartner::__CollectRequestData
2022-01-02 19:24:36 -  - exec CUpdateClientPartner::GetHTTPPage
2022-01-02 19:24:36 -  - exec CUpdateClientPartner::ParseServerData
2022-01-04 00:41:31 -  - exec CUpdateClientPartner::__CollectRequestData
2022-01-04 00:41:31 -  - exec CUpdateClientPartner::GetHTTPPage
2022-01-04 00:41:32 -  - exec CUpdateClientPartner::ParseServerData
2022-01-04 00:41:32 -  - exec CUpdateClientPartner::GetUpdatesList
2022-01-04 00:41:32 -  - exec CUpdateClientPartner::__CollectRequestData
2022-01-04 00:41:32 -  - utf=Y&lang=ru&stable=Y&CANGZIP=Y&SUPD_DBS=MYSQL&XE=N&CLIENT_SITE=beetrix.ru&LICENSE_KEY=X&SUPD_STS=1&SUPD_URS=0&SUPD_URSA=1&TYPENC=D&CLIENT_PHPVER=7.4.21&NGINX=Y&dbv=8.0.24&instm=main%2C21.400.100%2CY%3Babtest%2C21.0.0%2CN%3Badvertising%2C21.100.0%2CN%3Bb24connector%2C21.0.0%2CN%3Bbitrix.eshop%2C21.0.100%2CN%3Bbitrix.sitecommunity%2C15.5.0%2CN%3Bbitrix.sitecorporate%2C15.5.0%2CN%3Bbitrix.siteinfoportal%2C15.5.0%2CN%3Bbitrix.sitepersonal%2C15.5.0%2CN%3Bbitrixcloud%2C21.0.0%2CN%3Bbizproc%2C21.200.200%2CN%3Bbizprocdesigner%2C21.100.0%2CN%3Bblog%2C21.200.0%2CN%3Bcalendar%2C21.200.0%2CN%3Bcatalog%2C21.200.0%2CN%3Bclouds%2C21.100.0%2CN%3Bconversion%2C21.0.0%2CN%3Bcurrency%2C21.100.0%2CN%3Bfileman%2C21.200.0%2CN%3Bform%2C21.0.0%2CN%3Bforum%2C21.100.0%2CN%3Bhighloadblock%2C21.100.0%2CN%3Biblock%2C21.400.100%2CN%3Bidea%2C21.0.0%2CN%3Bim%2C21.300.100%2CN%3Blanding%2C21.300.300%2CN%3Blearning%2C21.0.0%2CN%3Blists%2C21.100.0%2CN%3Bmail%2C21.100.100%2CN%3Bmessageservice%2C21.100.0%2CN%3Bmobileapp%2C21.0.50%2CN%3Bperfmon%2C21.0.0%2CN%3Bphotogallery%2C21.0.0%2CN%3Bpull%2C21.200.0%2CN%3Breport%2C21.100.0%2CN%3Brest%2C21.200.0%2CN%3Bsale%2C21.400.0%2CN%3Bscale%2C21.0.0%2CN%3Bsearch%2C21.0.100%2CN%3Bsecurity%2C21.0.0%2CN%3Bsender%2C21.100.100%2CN%3Bseo%2C21.300.0%2CN%3Bsocialnetwork%2C21.350.0%2CN%3Bsocialservices%2C21.100.0%2CN%3Bstatistic%2C21.0.0%2CN%3Bstoreassist%2C21.0.0%2CN%3Bsubscribe%2C21.0.0%2CN%3Bsupport%2C21.0.0%2CN%3Btranslate%2C21.100.0%2CN%3Bui%2C21.300.0%2CN%3Bvote%2C21.0.0%2CN%3Bwebservice%2C21.0.0%2CN%3Bwiki%2C21.100.0%2CN%3Bworkflow%2C21.0.0%2CN&reqm=bitrix.eshop%2Cbitrix.sitecommunity%2Cbitrix.sitecorporate%2Cbitrix.siteinfoportal%2Cbitrix.sitepersonal&fullmoduleinfo=Y&SUPD_SRS=RU&SUPD_CMP=N
2022-01-04 00:41:32 -  - exec CUpdateClientPartner::GetHTTPPage
2022-01-04 00:41:32 -  - TIME GetUpdatesList(request) 0.269 sec
2022-01-04 00:41:32 -  - exec CUpdateClientPartner::ParseServerData
2022-01-04 00:41:32 -  - exec CUpdateClientPartner::__CollectRequestData
2022-01-04 00:41:32 -  - exec CUpdateClientPartner::GetHTTPPage
2022-01-04 00:41:33 -  - exec CUpdateClientPartner::ParseServerData
2022-01-05 00:41:44 -  - exec CUpdateClientPartner::__CollectRequestData
2022-01-05 00:41:44 -  - exec CUpdateClientPartner::GetHTTPPage
2022-01-05 00:41:44 -  - exec CUpdateClientPartner::ParseServerData
2022-01-05 00:41:44 -  - exec CUpdateClientPartner::GetUpdatesList
2022-01-05 00:41:44 -  - exec CUpdateClientPartner::__CollectRequestData
2022-01-05 00:41:44 -  - utf=Y&lang=ru&stable=Y&CANGZIP=Y&SUPD_DBS=MYSQL&XE=N&CLIENT_SITE=beetrix.ru&LICENSE_KEY=X&SUPD_STS=1&SUPD_URS=0&SUPD_URSA=1&TYPENC=D&CLIENT_PHPVER=7.4.21&NGINX=Y&dbv=8.0.24&instm=main%2C21.400.100%2CY%3Babtest%2C21.0.0%2CN%3Badvertising%2C21.100.0%2CN%3Bb24connector%2C21.0.0%2CN%3Bbitrix.eshop%2C21.0.100%2CN%3Bbitrix.sitecommunity%2C15.5.0%2CN%3Bbitrix.sitecorporate%2C15.5.0%2CN%3Bbitrix.siteinfoportal%2C15.5.0%2CN%3Bbitrix.sitepersonal%2C15.5.0%2CN%3Bbitrixcloud%2C21.0.0%2CN%3Bbizproc%2C21.200.200%2CN%3Bbizprocdesigner%2C21.100.0%2CN%3Bblog%2C21.200.0%2CN%3Bcalendar%2C21.200.0%2CN%3Bcatalog%2C21.200.0%2CN%3Bclouds%2C21.100.0%2CN%3Bconversion%2C21.0.0%2CN%3Bcurrency%2C21.100.0%2CN%3Bfileman%2C21.200.0%2CN%3Bform%2C21.0.0%2CN%3Bforum%2C21.100.0%2CN%3Bhighloadblock%2C21.100.0%2CN%3Biblock%2C21.400.100%2CN%3Bidea%2C21.0.0%2CN%3Bim%2C21.300.100%2CN%3Blanding%2C21.300.300%2CN%3Blearning%2C21.0.0%2CN%3Blists%2C21.100.0%2CN%3Bmail%2C21.100.100%2CN%3Bmessageservice%2C21.100.0%2CN%3Bmobileapp%2C21.0.50%2CN%3Bperfmon%2C21.0.0%2CN%3Bphotogallery%2C21.0.0%2CN%3Bpull%2C21.200.0%2CN%3Breport%2C21.100.0%2CN%3Brest%2C21.200.0%2CN%3Bsale%2C21.400.0%2CN%3Bscale%2C21.0.0%2CN%3Bsearch%2C21.0.100%2CN%3Bsecurity%2C21.0.0%2CN%3Bsender%2C21.100.100%2CN%3Bseo%2C21.300.0%2CN%3Bsocialnetwork%2C21.350.0%2CN%3Bsocialservices%2C21.100.0%2CN%3Bstatistic%2C21.0.0%2CN%3Bstoreassist%2C21.0.0%2CN%3Bsubscribe%2C21.0.0%2CN%3Bsupport%2C21.0.0%2CN%3Btranslate%2C21.100.0%2CN%3Bui%2C21.300.0%2CN%3Bvote%2C21.0.0%2CN%3Bwebservice%2C21.0.0%2CN%3Bwiki%2C21.100.0%2CN%3Bworkflow%2C21.0.0%2CN&reqm=bitrix.eshop%2Cbitrix.sitecommunity%2Cbitrix.sitecorporate%2Cbitrix.siteinfoportal%2Cbitrix.sitepersonal&fullmoduleinfo=Y&SUPD_SRS=RU&SUPD_CMP=N
2022-01-05 00:41:44 -  - exec CUpdateClientPartner::GetHTTPPage
2022-01-05 00:41:45 -  - TIME GetUpdatesList(request) 0.285 sec
2022-01-05 00:41:45 -  - exec CUpdateClientPartner::ParseServerData
2022-01-05 00:41:45 -  - exec CUpdateClientPartner::__CollectRequestData
2022-01-05 00:41:45 -  - exec CUpdateClientPartner::GetHTTPPage
2022-01-05 00:41:45 -  - exec CUpdateClientPartner::ParseServerData
2022-01-08 00:44:20 -  - exec CUpdateClientPartner::__CollectRequestData
2022-01-08 00:44:20 -  - exec CUpdateClientPartner::GetHTTPPage
2022-01-08 00:44:21 -  - exec CUpdateClientPartner::ParseServerData
2022-01-08 00:44:21 -  - exec CUpdateClientPartner::GetUpdatesList
2022-01-08 00:44:21 -  - exec CUpdateClientPartner::__CollectRequestData
2022-01-08 00:44:21 -  - utf=Y&lang=ru&stable=Y&CANGZIP=Y&SUPD_DBS=MYSQL&XE=N&CLIENT_SITE=beetrix.ru&LICENSE_KEY=X&SUPD_STS=1&SUPD_URS=0&SUPD_URSA=1&TYPENC=D&CLIENT_PHPVER=7.4.21&NGINX=Y&dbv=8.0.24&instm=main%2C21.400.100%2CY%3Babtest%2C21.0.0%2CN%3Badvertising%2C21.100.0%2CN%3Bb24connector%2C21.0.0%2CN%3Bbitrix.eshop%2C21.0.100%2CN%3Bbitrix.sitecommunity%2C15.5.0%2CN%3Bbitrix.sitecorporate%2C15.5.0%2CN%3Bbitrix.siteinfoportal%2C15.5.0%2CN%3Bbitrix.sitepersonal%2C15.5.0%2CN%3Bbitrixcloud%2C21.0.0%2CN%3Bbizproc%2C21.200.200%2CN%3Bbizprocdesigner%2C21.100.0%2CN%3Bblog%2C21.200.0%2CN%3Bcalendar%2C21.200.0%2CN%3Bcatalog%2C21.200.0%2CN%3Bclouds%2C21.100.0%2CN%3Bconversion%2C21.0.0%2CN%3Bcurrency%2C21.100.0%2CN%3Bfileman%2C21.200.0%2CN%3Bform%2C21.0.0%2CN%3Bforum%2C21.100.0%2CN%3Bhighloadblock%2C21.100.0%2CN%3Biblock%2C21.400.100%2CN%3Bidea%2C21.0.0%2CN%3Bim%2C21.300.100%2CN%3Blanding%2C21.300.300%2CN%3Blearning%2C21.0.0%2CN%3Blists%2C21.100.0%2CN%3Bmail%2C21.100.100%2CN%3Bmessageservice%2C21.100.0%2CN%3Bmobileapp%2C21.0.50%2CN%3Bperfmon%2C21.0.0%2CN%3Bphotogallery%2C21.0.0%2CN%3Bpull%2C21.200.0%2CN%3Breport%2C21.100.0%2CN%3Brest%2C21.200.0%2CN%3Bsale%2C21.400.0%2CN%3Bscale%2C21.0.0%2CN%3Bsearch%2C21.0.100%2CN%3Bsecurity%2C21.0.0%2CN%3Bsender%2C21.100.100%2CN%3Bseo%2C21.300.0%2CN%3Bsocialnetwork%2C21.350.0%2CN%3Bsocialservices%2C21.100.0%2CN%3Bstatistic%2C21.0.0%2CN%3Bstoreassist%2C21.0.0%2CN%3Bsubscribe%2C21.0.0%2CN%3Bsupport%2C21.0.0%2CN%3Btranslate%2C21.100.0%2CN%3Bui%2C21.300.0%2CN%3Bvote%2C21.0.0%2CN%3Bwebservice%2C21.0.0%2CN%3Bwiki%2C21.100.0%2CN%3Bworkflow%2C21.0.0%2CN&reqm=bitrix.eshop%2Cbitrix.sitecommunity%2Cbitrix.sitecorporate%2Cbitrix.siteinfoportal%2Cbitrix.sitepersonal&fullmoduleinfo=Y&SUPD_SRS=RU&SUPD_CMP=N
2022-01-08 00:44:21 -  - exec CUpdateClientPartner::GetHTTPPage
2022-01-08 00:44:21 -  - TIME GetUpdatesList(request) 0.293 sec
2022-01-08 00:44:21 -  - exec CUpdateClientPartner::ParseServerData
2022-01-08 00:44:21 -  - exec CUpdateClientPartner::__CollectRequestData
2022-01-08 00:44:21 -  - exec CUpdateClientPartner::GetHTTPPage
2022-01-08 00:44:21 -  - exec CUpdateClientPartner::ParseServerData
2022-01-09 01:08:05 -  - exec CUpdateClientPartner::__CollectRequestData
2022-01-09 01:08:05 -  - exec CUpdateClientPartner::GetHTTPPage
2022-01-09 01:08:05 -  - exec CUpdateClientPartner::ParseServerData
2022-01-09 01:08:05 -  - exec CUpdateClientPartner::GetUpdatesList
2022-01-09 01:08:05 -  - exec CUpdateClientPartner::__CollectRequestData
2022-01-09 01:08:05 -  - utf=Y&lang=ru&stable=Y&CANGZIP=Y&SUPD_DBS=MYSQL&XE=N&CLIENT_SITE=beetrix.ru&LICENSE_KEY=X&SUPD_STS=1&SUPD_URS=0&SUPD_URSA=1&TYPENC=D&CLIENT_PHPVER=7.4.21&NGINX=Y&dbv=8.0.24&instm=main%2C21.400.100%2CY%3Babtest%2C21.0.0%2CN%3Badvertising%2C21.100.0%2CN%3Bb24connector%2C21.0.0%2CN%3Bbitrix.eshop%2C21.0.100%2CN%3Bbitrix.sitecommunity%2C15.5.0%2CN%3Bbitrix.sitecorporate%2C15.5.0%2CN%3Bbitrix.siteinfoportal%2C15.5.0%2CN%3Bbitrix.sitepersonal%2C15.5.0%2CN%3Bbitrixcloud%2C21.0.0%2CN%3Bbizproc%2C21.200.200%2CN%3Bbizprocdesigner%2C21.100.0%2CN%3Bblog%2C21.200.0%2CN%3Bcalendar%2C21.200.0%2CN%3Bcatalog%2C21.200.0%2CN%3Bclouds%2C21.100.0%2CN%3Bconversion%2C21.0.0%2CN%3Bcurrency%2C21.100.0%2CN%3Bfileman%2C21.200.0%2CN%3Bform%2C21.0.0%2CN%3Bforum%2C21.100.0%2CN%3Bhighloadblock%2C21.100.0%2CN%3Biblock%2C21.400.100%2CN%3Bidea%2C21.0.0%2CN%3Bim%2C21.300.100%2CN%3Blanding%2C21.300.300%2CN%3Blearning%2C21.0.0%2CN%3Blists%2C21.100.0%2CN%3Bmail%2C21.100.100%2CN%3Bmessageservice%2C21.100.0%2CN%3Bmobileapp%2C21.0.50%2CN%3Bperfmon%2C21.0.0%2CN%3Bphotogallery%2C21.0.0%2CN%3Bpull%2C21.200.0%2CN%3Breport%2C21.100.0%2CN%3Brest%2C21.200.0%2CN%3Bsale%2C21.400.0%2CN%3Bscale%2C21.0.0%2CN%3Bsearch%2C21.0.100%2CN%3Bsecurity%2C21.0.0%2CN%3Bsender%2C21.100.100%2CN%3Bseo%2C21.300.0%2CN%3Bsocialnetwork%2C21.350.0%2CN%3Bsocialservices%2C21.100.0%2CN%3Bstatistic%2C21.0.0%2CN%3Bstoreassist%2C21.0.0%2CN%3Bsubscribe%2C21.0.0%2CN%3Bsupport%2C21.0.0%2CN%3Btranslate%2C21.100.0%2CN%3Bui%2C21.300.0%2CN%3Bvote%2C21.0.0%2CN%3Bwebservice%2C21.0.0%2CN%3Bwiki%2C21.100.0%2CN%3Bworkflow%2C21.0.0%2CN&reqm=bitrix.eshop%2Cbitrix.sitecommunity%2Cbitrix.sitecorporate%2Cbitrix.siteinfoportal%2Cbitrix.sitepersonal&fullmoduleinfo=Y&SUPD_SRS=RU&SUPD_CMP=N
2022-01-09 01:08:05 -  - exec CUpdateClientPartner::GetHTTPPage
2022-01-09 01:08:06 -  - TIME GetUpdatesList(request) 0.324 sec
2022-01-09 01:08:06 -  - exec CUpdateClientPartner::ParseServerData
2022-01-09 01:08:06 -  - exec CUpdateClientPartner::__CollectRequestData
2022-01-09 01:08:06 -  - exec CUpdateClientPartner::GetHTTPPage
2022-01-09 01:08:06 -  - exec CUpdateClientPartner::ParseServerData
2022-01-10 01:08:10 -  - exec CUpdateClientPartner::__CollectRequestData
2022-01-10 01:08:10 -  - exec CUpdateClientPartner::GetHTTPPage
2022-01-10 01:08:10 -  - exec CUpdateClientPartner::ParseServerData
2022-01-10 01:08:10 -  - exec CUpdateClientPartner::GetUpdatesList
2022-01-10 01:08:10 -  - exec CUpdateClientPartner::__CollectRequestData
2022-01-10 01:08:10 -  - utf=Y&lang=ru&stable=Y&CANGZIP=Y&SUPD_DBS=MYSQL&XE=N&CLIENT_SITE=beetrix.ru&LICENSE_KEY=X&SUPD_STS=1&SUPD_URS=0&SUPD_URSA=1&TYPENC=D&CLIENT_PHPVER=7.4.21&NGINX=Y&dbv=8.0.24&instm=main%2C21.400.100%2CY%3Babtest%2C21.0.0%2CN%3Badvertising%2C21.100.0%2CN%3Bb24connector%2C21.0.0%2CN%3Bbitrix.eshop%2C21.0.100%2CN%3Bbitrix.sitecommunity%2C15.5.0%2CN%3Bbitrix.sitecorporate%2C15.5.0%2CN%3Bbitrix.siteinfoportal%2C15.5.0%2CN%3Bbitrix.sitepersonal%2C15.5.0%2CN%3Bbitrixcloud%2C21.0.0%2CN%3Bbizproc%2C21.200.200%2CN%3Bbizprocdesigner%2C21.100.0%2CN%3Bblog%2C21.200.0%2CN%3Bcalendar%2C21.200.0%2CN%3Bcatalog%2C21.200.0%2CN%3Bclouds%2C21.100.0%2CN%3Bconversion%2C21.0.0%2CN%3Bcurrency%2C21.100.0%2CN%3Bfileman%2C21.200.0%2CN%3Bform%2C21.0.0%2CN%3Bforum%2C21.100.0%2CN%3Bhighloadblock%2C21.100.0%2CN%3Biblock%2C21.400.100%2CN%3Bidea%2C21.0.0%2CN%3Bim%2C21.300.100%2CN%3Blanding%2C21.300.300%2CN%3Blearning%2C21.0.0%2CN%3Blists%2C21.100.0%2CN%3Bmail%2C21.100.100%2CN%3Bmessageservice%2C21.100.0%2CN%3Bmobileapp%2C21.0.50%2CN%3Bperfmon%2C21.0.0%2CN%3Bphotogallery%2C21.0.0%2CN%3Bpull%2C21.200.0%2CN%3Breport%2C21.100.0%2CN%3Brest%2C21.200.0%2CN%3Bsale%2C21.400.0%2CN%3Bscale%2C21.0.0%2CN%3Bsearch%2C21.0.100%2CN%3Bsecurity%2C21.0.0%2CN%3Bsender%2C21.100.100%2CN%3Bseo%2C21.300.0%2CN%3Bsocialnetwork%2C21.350.0%2CN%3Bsocialservices%2C21.100.0%2CN%3Bstatistic%2C21.0.0%2CN%3Bstoreassist%2C21.0.0%2CN%3Bsubscribe%2C21.0.0%2CN%3Bsupport%2C21.0.0%2CN%3Btranslate%2C21.100.0%2CN%3Bui%2C21.300.0%2CN%3Bvote%2C21.0.0%2CN%3Bwebservice%2C21.0.0%2CN%3Bwiki%2C21.100.0%2CN%3Bworkflow%2C21.0.0%2CN&reqm=bitrix.eshop%2Cbitrix.sitecommunity%2Cbitrix.sitecorporate%2Cbitrix.siteinfoportal%2Cbitrix.sitepersonal&fullmoduleinfo=Y&SUPD_SRS=RU&SUPD_CMP=N
2022-01-10 01:08:10 -  - exec CUpdateClientPartner::GetHTTPPage
2022-01-10 01:08:11 -  - TIME GetUpdatesList(request) 0.295 sec
2022-01-10 01:08:11 -  - exec CUpdateClientPartner::ParseServerData
2022-01-10 01:08:11 -  - exec CUpdateClientPartner::__CollectRequestData
2022-01-10 01:08:11 -  - exec CUpdateClientPartner::GetHTTPPage
2022-01-10 01:08:11 -  - exec CUpdateClientPartner::ParseServerData
